<?xml version="1.0" encoding="UTF-8"?>
<testng-results skipped="0" failed="0" total="1" passed="1">
  <reporter-output>
  </reporter-output>
  <suite name="Default suite" duration-ms="10703" started-at="2021-09-24T04:12:58Z" finished-at="2021-09-24T04:13:09Z">
    <groups>
    </groups>
    <test name="Default test" duration-ms="10703" started-at="2021-09-24T04:12:58Z" finished-at="2021-09-24T04:13:09Z">
      <class name="com.pruthvi.Arisb2.TestNG02">
        <test-method status="PASS" signature="openBrowser()[pri:0, instance:com.pruthvi.Arisb2.TestNG02@7823a2f9]" name="openBrowser" is-config="true" duration-ms="26" started-at="2021-09-24T09:42:58Z" finished-at="2021-09-24T09:42:58Z">
          <reporter-output>
          </reporter-output>
        </test-method> <!-- openBrowser -->
        <test-method status="PASS" signature="TS001()[pri:0, instance:com.pruthvi.Arisb2.TestNG02@7823a2f9]" name="TS001" duration-ms="10639" started-at="2021-09-24T09:42:58Z" finished-at="2021-09-24T09:43:09Z">
          <reporter-output>
          </reporter-output>
        </test-method> <!-- TS001 -->
        <test-method status="PASS" signature="CloseBrowser()[pri:0, instance:com.pruthvi.Arisb2.TestNG02@7823a2f9]" name="CloseBrowser" is-config="true" duration-ms="1" started-at="2021-09-24T09:43:09Z" finished-at="2021-09-24T09:43:09Z">
          <reporter-output>
          </reporter-output>
        </test-method> <!-- CloseBrowser -->
      </class> <!-- com.pruthvi.Arisb2.TestNG02 -->
    </test> <!-- Default test -->
  </suite> <!-- Default suite -->
</testng-results>
